This is pdfTeX, Version 3.14159265-2.6-1.40.19 (TeX Live 2019/dev/Debian) (preloaded format=pdflatex 2020.10.8)  13 OCT 2020 19:30
entering extended mode
 restricted \write18 enabled.
 %&-line parsing enabled.
**zjel.tex
(./zjel.tex
LaTeX2e <2018-12-01>
(/usr/share/texlive/texmf-dist/tex/latex/base/article.cls
Document Class: article 2018/09/03 v1.4i Standard LaTeX document class
(/usr/share/texlive/texmf-dist/tex/latex/base/size10.clo
File: size10.clo 2018/09/03 v1.4i Standard LaTeX file (size option)
)
\c@part=\count80
\c@section=\count81
\c@subsection=\count82
\c@subsubsection=\count83
\c@paragraph=\count84
\c@subparagraph=\count85
\c@figure=\count86
\c@table=\count87
\abovecaptionskip=\skip41
\belowcaptionskip=\skip42
\bibindent=\dimen102
)
(/usr/share/texlive/texmf-dist/tex/latex/geometry/geometry.sty
Package: geometry 2018/04/16 v5.8 Page Geometry

(/usr/share/texlive/texmf-dist/tex/latex/graphics/keyval.sty
Package: keyval 2014/10/28 v1.15 key=value parser (DPC)
\KV@toks@=\toks14
)
(/usr/share/texlive/texmf-dist/tex/generic/oberdiek/ifpdf.sty
Package: ifpdf 2018/09/07 v3.3 Provides the ifpdf switch
)
(/usr/share/texlive/texmf-dist/tex/generic/oberdiek/ifvtex.sty
Package: ifvtex 2016/05/16 v1.6 Detect VTeX and its facilities (HO)
Package ifvtex Info: VTeX not detected.
)
(/usr/share/texlive/texmf-dist/tex/generic/ifxetex/ifxetex.sty
Package: ifxetex 2010/09/12 v0.6 Provides ifxetex conditional
)
\Gm@cnth=\count88
\Gm@cntv=\count89
\c@Gm@tempcnt=\count90
\Gm@bindingoffset=\dimen103
\Gm@wd@mp=\dimen104
\Gm@odd@mp=\dimen105
\Gm@even@mp=\dimen106
\Gm@layoutwidth=\dimen107
\Gm@layoutheight=\dimen108
\Gm@layouthoffset=\dimen109
\Gm@layoutvoffset=\dimen110
\Gm@dimlist=\toks15
)
*geometry* verbose mode - [ newgeometry ] result:
* driver: 
* paper: a4paper
* layout: <same size as paper>
* layoutoffset:(h,v)=(0.0pt,0.0pt)
* modes: 
* h-part:(L,W,R)=(71.1319pt, 455.24408pt, 71.1319pt)
* v-part:(T,H,B)=(101.40665pt, 591.5302pt, 152.11pt)
* \paperwidth=597.50787pt
* \paperheight=845.04684pt
* \textwidth=455.24408pt
* \textheight=591.5302pt
* \oddsidemargin=-1.13809pt
* \evensidemargin=-1.13809pt
* \topmargin=-7.86334pt
* \headheight=12.0pt
* \headsep=25.0pt
* \topskip=10.0pt
* \footskip=30.0pt
* \marginparwidth=57.0pt
* \marginparsep=11.0pt
* \columnsep=10.0pt
* \skip\footins=9.0pt plus 4.0pt minus 2.0pt
* \hoffset=0.0pt
* \voffset=0.0pt
* \mag=1000
* \@twocolumnfalse
* \@twosidefalse
* \@mparswitchfalse
* \@reversemarginfalse
* (1in=72.27pt=25.4mm, 1cm=28.453pt)


(/usr/share/texlive/texmf-dist/tex/latex/amsfonts/amsfonts.sty
Package: amsfonts 2013/01/14 v3.01 Basic AMSFonts support
\@emptytoks=\toks16
\symAMSa=\mathgroup4
\symAMSb=\mathgroup5
LaTeX Font Info:    Overwriting math alphabet `\mathfrak' in version `bold'
(Font)                  U/euf/m/n --> U/euf/b/n on input line 106.
)
(/usr/share/texlive/texmf-dist/tex/latex/amsfonts/amssymb.sty
Package: amssymb 2013/01/14 v3.01 AMS font symbols
)
(/usr/share/texlive/texmf-dist/tex/latex/base/fontenc.sty
Package: fontenc 2018/08/11 v2.0j Standard LaTeX package

(/usr/share/texlive/texmf-dist/tex/latex/base/t1enc.def
File: t1enc.def 2018/08/11 v2.0j Standard LaTeX file
LaTeX Font Info:    Redeclaring font encoding T1 on input line 48.
))
(/usr/share/texlive/texmf-dist/tex/latex/base/inputenc.sty
Package: inputenc 2018/08/11 v1.3c Input encoding file
\inpenc@prehook=\toks17
\inpenc@posthook=\toks18
)
(/usr/share/texlive/texmf-dist/tex/generic/babel/babel.sty
Package: babel 2018/11/13 3.27 The Babel package

(/usr/share/texlive/texmf-dist/tex/generic/babel/switch.def
File: switch.def 2018/11/13 3.27 Babel switching mechanism
)
(/usr/share/texlive/texmf-dist/tex/generic/babel-hungarian/magyar.ldf
Language: magyar 2019/01/14 v1.5c Magyar (Hungarian) support for babel

(/usr/share/texlive/texmf-dist/tex/generic/babel/babel.def
File: babel.def 2018/11/13 3.27 Babel common definitions
\babel@savecnt=\count91
\U@D=\dimen111

(/usr/share/texlive/texmf-dist/tex/generic/babel/txtbabel.def)
\bbl@dirlevel=\count92
)
\c@enumv=\count93
Package babel Info: Making ; an active character on input line 2791.
Package babel Info: Making ! an active character on input line 2793.
Package babel Info: Making ? an active character on input line 2799.
Package babel Info: Making : an active character on input line 2801.
Package babel Info: Making ` an active character on input line 2819.
\c@footnote@add=\count94
\c@footnote@ch=\count95
))
(/usr/share/texlive/texmf-dist/tex/latex/graphics/graphicx.sty
Package: graphicx 2017/06/01 v1.1a Enhanced LaTeX Graphics (DPC,SPQR)

(/usr/share/texlive/texmf-dist/tex/latex/graphics/graphics.sty
Package: graphics 2017/06/25 v1.2c Standard LaTeX Graphics (DPC,SPQR)

(/usr/share/texlive/texmf-dist/tex/latex/graphics/trig.sty
Package: trig 2016/01/03 v1.10 sin cos tan (DPC)
)
(/usr/share/texlive/texmf-dist/tex/latex/graphics-cfg/graphics.cfg
File: graphics.cfg 2016/06/04 v1.11 sample graphics configuration
)
Package graphics Info: Driver file: pdftex.def on input line 99.

(/usr/share/texlive/texmf-dist/tex/latex/graphics-def/pdftex.def
File: pdftex.def 2018/01/08 v1.0l Graphics/color driver for pdftex
))
\Gin@req@height=\dimen112
\Gin@req@width=\dimen113
)
(/usr/share/texlive/texmf-dist/tex/latex/multirow/multirow.sty
Package: multirow 2019/01/01 v2.4 Span multiple rows of a table
\multirow@colwidth=\skip43
\multirow@cntb=\count96
\multirow@dima=\skip44
\bigstrutjot=\dimen114
)
(/usr/share/texlive/texmf-dist/tex/latex/nowidow/nowidow.sty
Package: nowidow 2011/09/20 1.0 Easily prevent widows and orphans
Package: nowidow 

(/usr/share/texlive/texmf-dist/tex/latex/oberdiek/kvoptions.sty
Package: kvoptions 2016/05/16 v3.12 Key value format for package options (HO)

(/usr/share/texlive/texmf-dist/tex/generic/oberdiek/ltxcmds.sty
Package: ltxcmds 2016/05/16 v1.23 LaTeX kernel commands for general use (HO)
)
(/usr/share/texlive/texmf-dist/tex/generic/oberdiek/kvsetkeys.sty
Package: kvsetkeys 2016/05/16 v1.17 Key value parser (HO)

(/usr/share/texlive/texmf-dist/tex/generic/oberdiek/infwarerr.sty
Package: infwarerr 2016/05/16 v1.4 Providing info/warning/error messages (HO)
)
(/usr/share/texlive/texmf-dist/tex/generic/oberdiek/etexcmds.sty
Package: etexcmds 2016/05/16 v1.6 Avoid name clashes with e-TeX commands (HO)

(/usr/share/texlive/texmf-dist/tex/generic/oberdiek/ifluatex.sty
Package: ifluatex 2016/05/16 v1.4 Provides the ifluatex switch (HO)
Package ifluatex Info: LuaTeX not detected.
)))))
(/usr/share/texlive/texmf-dist/tex/latex/pdfpages/pdfpages.sty
Package: pdfpages 2017/10/31 v0.5l Insert pages of external PDF documents (AM)

(/usr/share/texlive/texmf-dist/tex/latex/base/ifthen.sty
Package: ifthen 2014/09/29 v1.1c Standard LaTeX ifthen package (DPC)
)
(/usr/share/texlive/texmf-dist/tex/latex/tools/calc.sty
Package: calc 2017/05/25 v4.3 Infix arithmetic (KKT,FJ)
\calc@Acount=\count97
\calc@Bcount=\count98
\calc@Adimen=\dimen115
\calc@Bdimen=\dimen116
\calc@Askip=\skip45
\calc@Bskip=\skip46
LaTeX Info: Redefining \setlength on input line 80.
LaTeX Info: Redefining \addtolength on input line 81.
\calc@Ccount=\count99
\calc@Cskip=\skip47
)
(/usr/share/texlive/texmf-dist/tex/latex/eso-pic/eso-pic.sty
Package: eso-pic 2018/04/12 v2.0h eso-pic (RN)

(/usr/share/texlive/texmf-dist/tex/generic/oberdiek/atbegshi.sty
Package: atbegshi 2016/06/09 v1.18 At begin shipout hook (HO)
)
(/usr/share/texlive/texmf-dist/tex/latex/xcolor/xcolor.sty
Package: xcolor 2016/05/11 v2.12 LaTeX color extensions (UK)

(/usr/share/texlive/texmf-dist/tex/latex/graphics-cfg/color.cfg
File: color.cfg 2016/01/02 v1.6 sample color configuration
)
Package xcolor Info: Driver file: pdftex.def on input line 225.
Package xcolor Info: Model `cmy' substituted by `cmy0' on input line 1348.
Package xcolor Info: Model `hsb' substituted by `rgb' on input line 1352.
Package xcolor Info: Model `RGB' extended on input line 1364.
Package xcolor Info: Model `HTML' substituted by `rgb' on input line 1366.
Package xcolor Info: Model `Hsb' substituted by `hsb' on input line 1367.
Package xcolor Info: Model `tHsb' substituted by `hsb' on input line 1368.
Package xcolor Info: Model `HSB' substituted by `hsb' on input line 1369.
Package xcolor Info: Model `Gray' substituted by `gray' on input line 1370.
Package xcolor Info: Model `wave' substituted by `hsb' on input line 1371.
))
\AM@pagewidth=\dimen117
\AM@pageheight=\dimen118

(/usr/share/texlive/texmf-dist/tex/latex/pdfpages/pppdftex.def
File: pppdftex.def 2017/10/31 v0.5l Pdfpages driver for pdfTeX (AM)
)
\AM@pagebox=\box27
\AM@global@opts=\toks19
\AM@toc@title=\toks20
\c@AM@survey=\count100
\AM@templatesizebox=\box28
) (./zjel.aux)
\openout1 = `zjel.aux'.

LaTeX Font Info:    Checking defaults for OML/cmm/m/it on input line 39.
LaTeX Font Info:    ... okay on input line 39.
LaTeX Font Info:    Checking defaults for T1/cmr/m/n on input line 39.
LaTeX Font Info:    ... okay on input line 39.
LaTeX Font Info:    Checking defaults for OT1/cmr/m/n on input line 39.
LaTeX Font Info:    ... okay on input line 39.
LaTeX Font Info:    Checking defaults for OMS/cmsy/m/n on input line 39.
LaTeX Font Info:    ... okay on input line 39.
LaTeX Font Info:    Checking defaults for OMX/cmex/m/n on input line 39.
LaTeX Font Info:    ... okay on input line 39.
LaTeX Font Info:    Checking defaults for U/cmr/m/n on input line 39.
LaTeX Font Info:    ... okay on input line 39.

*geometry* driver: auto-detecting
*geometry* detected driver: pdftex
*geometry* verbose mode - [ preamble ] result:
* driver: pdftex
* paper: a4paper
* layout: <same size as paper>
* layoutoffset:(h,v)=(0.0pt,0.0pt)
* modes: 
* h-part:(L,W,R)=(71.1319pt, 455.24408pt, 71.1319pt)
* v-part:(T,H,B)=(101.40665pt, 591.5302pt, 152.11pt)
* \paperwidth=597.50787pt
* \paperheight=845.04684pt
* \textwidth=455.24408pt
* \textheight=591.5302pt
* \oddsidemargin=-1.13809pt
* \evensidemargin=-1.13809pt
* \topmargin=-7.86334pt
* \headheight=12.0pt
* \headsep=25.0pt
* \topskip=10.0pt
* \footskip=30.0pt
* \marginparwidth=57.0pt
* \marginparsep=11.0pt
* \columnsep=10.0pt
* \skip\footins=9.0pt plus 4.0pt minus 2.0pt
* \hoffset=0.0pt
* \voffset=0.0pt
* \mag=1000
* \@twocolumnfalse
* \@twosidefalse
* \@mparswitchfalse
* \@reversemarginfalse
* (1in=72.27pt=25.4mm, 1cm=28.453pt)

(/usr/share/texlive/texmf-dist/tex/context/base/mkii/supp-pdf.mkii
[Loading MPS to PDF converter (version 2006.09.02).]
\scratchcounter=\count101
\scratchdimen=\dimen119
\scratchbox=\box29
\nofMPsegments=\count102
\nofMParguments=\count103
\everyMPshowfont=\toks21
\MPscratchCnt=\count104
\MPscratchDim=\dimen120
\MPnumerator=\count105
\makeMPintoPDFobject=\count106
\everyMPtoPDFconversion=\toks22
) (/usr/share/texlive/texmf-dist/tex/latex/oberdiek/epstopdf-base.sty
Package: epstopdf-base 2016/05/15 v2.6 Base part for package epstopdf

(/usr/share/texlive/texmf-dist/tex/latex/oberdiek/grfext.sty
Package: grfext 2016/05/16 v1.2 Manage graphics extensions (HO)

(/usr/share/texlive/texmf-dist/tex/generic/oberdiek/kvdefinekeys.sty
Package: kvdefinekeys 2016/05/16 v1.4 Define keys (HO)
))
(/usr/share/texlive/texmf-dist/tex/generic/oberdiek/pdftexcmds.sty
Package: pdftexcmds 2018/09/10 v0.29 Utility functions of pdfTeX for LuaTeX (HO
)
Package pdftexcmds Info: LuaTeX not detected.
Package pdftexcmds Info: \pdf@primitive is available.
Package pdftexcmds Info: \pdf@ifprimitive is available.
Package pdftexcmds Info: \pdfdraftmode found.
)
Package epstopdf-base Info: Redefining graphics rule for `.eps' on input line 4
38.
Package grfext Info: Graphics extension search list:
(grfext)             [.pdf,.png,.jpg,.mps,.jpeg,.jbig2,.jb2,.PDF,.PNG,.JPG,.JPE
G,.JBIG2,.JB2,.eps]
(grfext)             \AppendGraphicsExtensions on input line 456.

(/usr/share/texlive/texmf-dist/tex/latex/latexconfig/epstopdf-sys.cfg
File: epstopdf-sys.cfg 2010/07/13 v1.3 Configuration of (r)epstopdf for TeX Liv
e
))
\AtBeginShipoutBox=\box30

(/usr/share/texlive/texmf-dist/tex/latex/oberdiek/pdflscape.sty
Package: pdflscape 2016/05/14 v0.11 Display of landscape pages in PDF (HO)

(/usr/share/texlive/texmf-dist/tex/latex/graphics/lscape.sty
Package: lscape 2000/10/22 v3.01 Landscape Pages (DPC)
)
Package pdflscape Info: Auto-detected driver: pdftex on input line 81.
)
(/usr/share/texlive/texmf-dist/tex/latex/base/article.cls
LaTeX Info: Redefining \cal on input line 496.
LaTeX Info: Redefining \mit on input line 497.
)
LaTeX Font Info:    Try loading font information for U+msa on input line 42.

(/usr/share/texlive/texmf-dist/tex/latex/amsfonts/umsa.fd
File: umsa.fd 2013/01/14 v3.01 AMS symbols A
)
LaTeX Font Info:    Try loading font information for U+msb on input line 42.

(/usr/share/texlive/texmf-dist/tex/latex/amsfonts/umsb.fd
File: umsb.fd 2013/01/14 v3.01 AMS symbols B
) [1



{/var/lib/texmf/fonts/map/pdftex/updmap/pdftex.map}] (./zjel.toc)
\tf@toc=\write3
\openout3 = `zjel.toc'.

 [2]
Underfull \hbox (badness 10000) in paragraph at lines 49--55

 []


Underfull \hbox (badness 10000) in paragraph at lines 56--60

 []


Underfull \hbox (badness 10000) in paragraph at lines 61--66

 []

[3]
Underfull \hbox (badness 10000) in paragraph at lines 77--82

 []

[4]
Underfull \hbox (badness 10000) in paragraph at lines 150--153

 []

[5] [6]
Overfull \hbox (5.32568pt too wide) in paragraph at lines 252--255
\T1/cmr/m/n/10 Esztergom köz-igaz-ga-tá-si te-rü-le-tén be-lül, WGS 84 ko-or-di
-ná-ta rend-szer-ben meg-ad-va $\OML/cmm/m/it/10 N\OT1/cmr/m/n/10 47[]45[]42[]$
 $\OML/cmm/m/it/10 E\OT1/cmr/m/n/10 18[]44[]06[]$
 []

[7]
Overfull \hbox (0.3443pt too wide) in paragraph at lines 305--305
[]\T1/cmr/bx/n/12 A re-pü-l® ese-mény be-kö-vet-ke-zé-sé-vel köz-vet-len össze-
füg-gés-be hoz-ha-tó tény-
 []

[8]
Underfull \hbox (badness 10000) in alignment at lines 320--324
[][][]
 []


Overfull \hbox (15.0pt too wide) in paragraph at lines 320--325
[][] 
 []

[9]

Package pdfpages Warning: Option `page' is unknow to \includepdf.
(pdfpages)                Did you mean `pages'? (Note the `s'!)
(pdfpages)                OK, I'll proceed as if it were `pages'.



pdfTeX warning: /usr/bin/pdflatex (file ./pdf/1-okmanyok.pdf): PDF inclusion: f
ound PDF version <1.7>, but at most version <1.5> allowed
<pdf/1-okmanyok.pdf, id=46, 597.23125pt x 845.1575pt>
File: pdf/1-okmanyok.pdf Graphic file (type pdf)
<use pdf/1-okmanyok.pdf>
Package pdftex.def Info: pdf/1-okmanyok.pdf  used on input line 338.
(pdftex.def)             Requested size: 597.22978pt x 845.15544pt.


pdfTeX warning: /usr/bin/pdflatex (file ./pdf/1-okmanyok.pdf): PDF inclusion: f
ound PDF version <1.7>, but at most version <1.5> allowed
File: pdf/1-okmanyok.pdf Graphic file (type pdf)
<use pdf/1-okmanyok.pdf>
Package pdftex.def Info: pdf/1-okmanyok.pdf  used on input line 338.
(pdftex.def)             Requested size: 597.22978pt x 845.15544pt.


pdfTeX warning: /usr/bin/pdflatex (file ./pdf/1-okmanyok.pdf): PDF inclusion: f
ound PDF version <1.7>, but at most version <1.5> allowed
File: pdf/1-okmanyok.pdf Graphic file (type pdf)
<use pdf/1-okmanyok.pdf>
Package pdftex.def Info: pdf/1-okmanyok.pdf  used on input line 338.
(pdftex.def)             Requested size: 597.22978pt x 845.15544pt.


pdfTeX warning: /usr/bin/pdflatex (file ./pdf/1-okmanyok.pdf): PDF inclusion: f
ound PDF version <1.7>, but at most version <1.5> allowed
File: pdf/1-okmanyok.pdf Graphic file (type pdf)
<use pdf/1-okmanyok.pdf>
Package pdftex.def Info: pdf/1-okmanyok.pdf  used on input line 338.
(pdftex.def)             Requested size: 597.22978pt x 845.15544pt.


pdfTeX warning: /usr/bin/pdflatex (file ./pdf/1-okmanyok.pdf): PDF inclusion: f
ound PDF version <1.7>, but at most version <1.5> allowed


pdfTeX warning: /usr/bin/pdflatex (file ./pdf/1-okmanyok.pdf): PDF inclusion: f
ound PDF version <1.7>, but at most version <1.5> allowed
<pdf/1-okmanyok.pdf, id=51, page=1, 597.23125pt x 845.1575pt>
File: pdf/1-okmanyok.pdf Graphic file (type pdf)
<use pdf/1-okmanyok.pdf, page 1>
Package pdftex.def Info: pdf/1-okmanyok.pdf , page1 used on input line 338.
(pdftex.def)             Requested size: 597.22978pt x 845.15544pt.
File: pdf/1-okmanyok.pdf Graphic file (type pdf)
<use pdf/1-okmanyok.pdf, page 1>
Package pdftex.def Info: pdf/1-okmanyok.pdf , page1 used on input line 338.
(pdftex.def)             Requested size: 418.05902pt x 591.60622pt.
File: pdf/1-okmanyok.pdf Graphic file (type pdf)
<use pdf/1-okmanyok.pdf, page 1>
Package pdftex.def Info: pdf/1-okmanyok.pdf , page1 used on input line 338.
(pdftex.def)             Requested size: 418.05902pt x 591.60622pt.
File: pdf/1-okmanyok.pdf Graphic file (type pdf)
<use pdf/1-okmanyok.pdf, page 1>
Package pdftex.def Info: pdf/1-okmanyok.pdf , page1 used on input line 338.
(pdftex.def)             Requested size: 418.05902pt x 591.60622pt.
File: pdf/1-okmanyok.pdf Graphic file (type pdf)
<use pdf/1-okmanyok.pdf, page 1>
Package pdftex.def Info: pdf/1-okmanyok.pdf , page1 used on input line 338.
(pdftex.def)             Requested size: 418.05902pt x 591.60622pt.
[10 <./pdf/1-okmanyok.pdf>]

pdfTeX warning: /usr/bin/pdflatex (file ./pdf/1-okmanyok.pdf): PDF inclusion: f
ound PDF version <1.7>, but at most version <1.5> allowed
<pdf/1-okmanyok.pdf, id=60, page=3, 597.23125pt x 845.1575pt>
File: pdf/1-okmanyok.pdf Graphic file (type pdf)
<use pdf/1-okmanyok.pdf, page 3>
Package pdftex.def Info: pdf/1-okmanyok.pdf , page3 used on input line 338.
(pdftex.def)             Requested size: 418.05902pt x 591.60622pt.
File: pdf/1-okmanyok.pdf Graphic file (type pdf)
<use pdf/1-okmanyok.pdf, page 3>
Package pdftex.def Info: pdf/1-okmanyok.pdf , page3 used on input line 338.
(pdftex.def)             Requested size: 418.05902pt x 591.60622pt.
File: pdf/1-okmanyok.pdf Graphic file (type pdf)
<use pdf/1-okmanyok.pdf, page 3>
Package pdftex.def Info: pdf/1-okmanyok.pdf , page3 used on input line 338.
(pdftex.def)             Requested size: 418.05902pt x 591.60622pt.
[11 <./pdf/1-okmanyok.pdf>]

pdfTeX warning: /usr/bin/pdflatex (file ./pdf/1-okmanyok.pdf): PDF inclusion: f
ound PDF version <1.7>, but at most version <1.5> allowed
<pdf/1-okmanyok.pdf, id=68, page=4, 597.23125pt x 845.1575pt>
File: pdf/1-okmanyok.pdf Graphic file (type pdf)
<use pdf/1-okmanyok.pdf, page 4>
Package pdftex.def Info: pdf/1-okmanyok.pdf , page4 used on input line 338.
(pdftex.def)             Requested size: 418.05902pt x 591.60622pt.
File: pdf/1-okmanyok.pdf Graphic file (type pdf)
<use pdf/1-okmanyok.pdf, page 4>
Package pdftex.def Info: pdf/1-okmanyok.pdf , page4 used on input line 338.
(pdftex.def)             Requested size: 418.05902pt x 591.60622pt.
File: pdf/1-okmanyok.pdf Graphic file (type pdf)
<use pdf/1-okmanyok.pdf, page 4>
Package pdftex.def Info: pdf/1-okmanyok.pdf , page4 used on input line 338.
(pdftex.def)             Requested size: 418.05902pt x 591.60622pt.
[12 <./pdf/1-okmanyok.pdf>]

pdfTeX warning: /usr/bin/pdflatex (file ./pdf/2-alktan.pdf): PDF inclusion: fou
nd PDF version <1.6>, but at most version <1.5> allowed
<pdf/2-alktan.pdf, id=76, 597.23125pt x 844.15375pt>
File: pdf/2-alktan.pdf Graphic file (type pdf)
<use pdf/2-alktan.pdf>
Package pdftex.def Info: pdf/2-alktan.pdf  used on input line 340.
(pdftex.def)             Requested size: 597.22978pt x 844.15169pt.


pdfTeX warning: /usr/bin/pdflatex (file ./pdf/2-alktan.pdf): PDF inclusion: fou
nd PDF version <1.6>, but at most version <1.5> allowed
File: pdf/2-alktan.pdf Graphic file (type pdf)
<use pdf/2-alktan.pdf>
Package pdftex.def Info: pdf/2-alktan.pdf  used on input line 340.
(pdftex.def)             Requested size: 597.22978pt x 844.15169pt.


pdfTeX warning: /usr/bin/pdflatex (file ./pdf/2-alktan.pdf): PDF inclusion: fou
nd PDF version <1.6>, but at most version <1.5> allowed


pdfTeX warning: /usr/bin/pdflatex (file ./pdf/2-alktan.pdf): PDF inclusion: fou
nd PDF version <1.6>, but at most version <1.5> allowed
<pdf/2-alktan.pdf, id=79, page=1, 597.23125pt x 844.15375pt>
File: pdf/2-alktan.pdf Graphic file (type pdf)
<use pdf/2-alktan.pdf, page 1>
Package pdftex.def Info: pdf/2-alktan.pdf , page1 used on input line 340.
(pdftex.def)             Requested size: 597.22978pt x 844.15169pt.
File: pdf/2-alktan.pdf Graphic file (type pdf)
<use pdf/2-alktan.pdf, page 1>
Package pdftex.def Info: pdf/2-alktan.pdf , page1 used on input line 340.
(pdftex.def)             Requested size: 447.92233pt x 633.11375pt.
File: pdf/2-alktan.pdf Graphic file (type pdf)
<use pdf/2-alktan.pdf, page 1>
Package pdftex.def Info: pdf/2-alktan.pdf , page1 used on input line 340.
(pdftex.def)             Requested size: 447.92233pt x 633.11375pt.
File: pdf/2-alktan.pdf Graphic file (type pdf)
<use pdf/2-alktan.pdf, page 1>
Package pdftex.def Info: pdf/2-alktan.pdf , page1 used on input line 340.
(pdftex.def)             Requested size: 447.92233pt x 633.11375pt.
File: pdf/2-alktan.pdf Graphic file (type pdf)
<use pdf/2-alktan.pdf, page 1>
Package pdftex.def Info: pdf/2-alktan.pdf , page1 used on input line 340.
(pdftex.def)             Requested size: 447.92233pt x 633.11375pt.
[13 <./pdf/2-alktan.pdf>]
<pdf/3-pilotanyilatkozat.pdf, id=86, 597.23125pt x 845.1575pt>
File: pdf/3-pilotanyilatkozat.pdf Graphic file (type pdf)
<use pdf/3-pilotanyilatkozat.pdf>
Package pdftex.def Info: pdf/3-pilotanyilatkozat.pdf  used on input line 343.
(pdftex.def)             Requested size: 597.22978pt x 845.15544pt.
File: pdf/3-pilotanyilatkozat.pdf Graphic file (type pdf)
<use pdf/3-pilotanyilatkozat.pdf>
Package pdftex.def Info: pdf/3-pilotanyilatkozat.pdf  used on input line 343.
(pdftex.def)             Requested size: 597.22978pt x 845.15544pt.
<pdf/3-pilotanyilatkozat.pdf, id=89, page=1, 597.23125pt x 845.1575pt>
File: pdf/3-pilotanyilatkozat.pdf Graphic file (type pdf)
<use pdf/3-pilotanyilatkozat.pdf, page 1>
Package pdftex.def Info: pdf/3-pilotanyilatkozat.pdf , page1 used on input line
 343.
(pdftex.def)             Requested size: 597.22978pt x 845.15544pt.
File: pdf/3-pilotanyilatkozat.pdf Graphic file (type pdf)
<use pdf/3-pilotanyilatkozat.pdf, page 1>
Package pdftex.def Info: pdf/3-pilotanyilatkozat.pdf , page1 used on input line
 343.
(pdftex.def)             Requested size: 447.92233pt x 633.86658pt.
File: pdf/3-pilotanyilatkozat.pdf Graphic file (type pdf)
<use pdf/3-pilotanyilatkozat.pdf, page 1>
Package pdftex.def Info: pdf/3-pilotanyilatkozat.pdf , page1 used on input line
 343.
(pdftex.def)             Requested size: 447.92233pt x 633.86658pt.
File: pdf/3-pilotanyilatkozat.pdf Graphic file (type pdf)
<use pdf/3-pilotanyilatkozat.pdf, page 1>
Package pdftex.def Info: pdf/3-pilotanyilatkozat.pdf , page1 used on input line
 343.
(pdftex.def)             Requested size: 447.92233pt x 633.86658pt.
File: pdf/3-pilotanyilatkozat.pdf Graphic file (type pdf)
<use pdf/3-pilotanyilatkozat.pdf, page 1>
Package pdftex.def Info: pdf/3-pilotanyilatkozat.pdf , page1 used on input line
 343.
(pdftex.def)             Requested size: 447.92233pt x 633.86658pt.
 [14 <./pdf/3-pilotanyilatkozat.pdf>]
<kepek/CR1.jpg, id=100, 3011.25pt x 4015.0pt>
File: kepek/CR1.jpg Graphic file (type jpg)
<use kepek/CR1.jpg>
Package pdftex.def Info: kepek/CR1.jpg  used on input line 349.
(pdftex.def)             Requested size: 369.88582pt x 493.1743pt.
<kepek/CR2.jpg, id=101, 3011.25pt x 4015.0pt>
File: kepek/CR2.jpg Graphic file (type jpg)
<use kepek/CR2.jpg>
Package pdftex.def Info: kepek/CR2.jpg  used on input line 353.
(pdftex.def)             Requested size: 369.88582pt x 493.1743pt.
<kepek/KJ1.jpg, id=102, 1464.672pt x 1098.504pt>
File: kepek/KJ1.jpg Graphic file (type jpg)
<use kepek/KJ1.jpg>
Package pdftex.def Info: kepek/KJ1.jpg  used on input line 357.
(pdftex.def)             Requested size: 369.88582pt x 277.40778pt.
<kepek/KJ3.jpg, id=103, 1464.672pt x 1098.504pt>
File: kepek/KJ3.jpg Graphic file (type jpg)
<use kepek/KJ3.jpg>
Package pdftex.def Info: kepek/KJ3.jpg  used on input line 361.
(pdftex.def)             Requested size: 369.88582pt x 277.40778pt.
<kepek/KJ2.jpg, id=104, 1464.672pt x 1098.504pt>
File: kepek/KJ2.jpg Graphic file (type jpg)
<use kepek/KJ2.jpg>
Package pdftex.def Info: kepek/KJ2.jpg  used on input line 365.
(pdftex.def)             Requested size: 369.88582pt x 277.40778pt.
<kepek/KJ4.jpg, id=105, 1464.672pt x 1098.504pt>
File: kepek/KJ4.jpg Graphic file (type jpg)
<use kepek/KJ4.jpg>
Package pdftex.def Info: kepek/KJ4.jpg  used on input line 369.
(pdftex.def)             Requested size: 369.88582pt x 277.40778pt.
<kepek/KJ5.jpg, id=106, 1464.672pt x 1098.504pt>
File: kepek/KJ5.jpg Graphic file (type jpg)
<use kepek/KJ5.jpg>
Package pdftex.def Info: kepek/KJ5.jpg  used on input line 373.
(pdftex.def)             Requested size: 369.88582pt x 277.40778pt.
<kepek/KJ6.jpg, id=107, 1464.672pt x 1098.504pt>
File: kepek/KJ6.jpg Graphic file (type jpg)
<use kepek/KJ6.jpg>
Package pdftex.def Info: kepek/KJ6.jpg  used on input line 377.
(pdftex.def)             Requested size: 369.88582pt x 277.40778pt.
 [15 <./kepek/CR1.jpg>] [16 <./kepek/CR2.jpg>] [17 <./kepek/KJ1.JPG> <./kepek/K
J3.JPG>] [18 <./kepek/KJ2.JPG> <./kepek/KJ4.JPG>] [19 <./kepek/KJ5.JPG> <./kepe
k/KJ6.JPG>]
(./zjel.aux) ) 
Here is how much of TeX's memory you used:
 5565 strings out of 493978
 81936 string characters out of 6161122
 172083 words of memory out of 5000000
 9144 multiletter control sequences out of 15000+600000
 18583 words of font info for 52 fonts, out of 8000000 for 9000
 350 hyphenation exceptions out of 8191
 41i,19n,49p,375b,454s stack positions out of 5000i,500n,10000p,200000b,80000s
 </home/gyuri/.texlive2018/texmf-var/fonts/pk/ljfour/jknappen/ec/
ecbx1200.600pk> </home/gyuri/.texlive2018/texmf-var/fonts/pk/ljfour/jknappen/ec
/ecti1000.600pk> </home/gyuri/.texlive2018/texmf-var/fonts/pk/ljfour/jknappen/e
c/ecrm0900.600pk> </home/gyuri/.texlive2018/texmf-var/fonts/pk/ljfour/jknappen/
ec/ecbx0900.600pk> </home/gyuri/.texlive2018/texmf-var/fonts/pk/ljfour/jknappen
/ec/ecbx1000.600pk> </home/gyuri/.texlive2018/texmf-var/fonts/pk/ljfour/jknappe
n/ec/ecbx1440.600pk> </home/gyuri/.texlive2018/texmf-var/fonts/pk/ljfour/jknapp
en/ec/ecrm1000.600pk> </home/gyuri/.texlive2018/texmf-var/fonts/pk/ljfour/jknap
pen/ec/ecrm1728.600pk> </home/gyuri/.texlive2018/texmf-var/fonts/pk/ljfour/jkna
ppen/ec/ecbx1728.600pk></usr/share/texlive/texmf-dist/fonts/type1/public/amsfon
ts/cm/cmmi10.pfb></usr/share/texlive/texmf-dist/fonts/type1/public/amsfonts/cm/
cmmi7.pfb></usr/share/texlive/texmf-dist/fonts/type1/public/amsfonts/cm/cmr10.p
fb></usr/share/texlive/texmf-dist/fonts/type1/public/amsfonts/cm/cmsy10.pfb></u
sr/share/texlive/texmf-dist/fonts/type1/public/amsfonts/cm/cmsy7.pfb></usr/shar
e/texlive/texmf-dist/fonts/type1/public/amsfonts/symbols/msam10.pfb>
Output written on zjel.pdf (19 pages, 35852020 bytes).
PDF statistics:
 573 PDF objects out of 1000 (max. 8388607)
 111 compressed objects within 2 object streams
 0 named destinations out of 1000 (max. 500000)
 121 words of extra memory for PDF output out of 10000 (max. 10000000)

